[2017-03-16 20:18:45] /index/pass/init | ERR: (appException) Controller pass/initAction does not exist.
[2017-03-16 20:18:45] /favicon.ico | ERR: (appException) Controller favicon.ico/indexAction does not exist.
[2017-03-16 20:18:45] /favicon.ico | ERR: (appException) Controller favicon.ico/indexAction does not exist.
[2017-03-16 23:03:26] /ifr_status/ | ERR: (appException) Controller ifr_status/indexAction does not exist.
[2017-03-16 23:06:58] /index/pass/init | ERR: (appException) Controller pass/initAction does not exist.
[2017-03-16 23:07:27] /index/pass/init | ERR: (appException) Controller pass/initAction does not exist.
[2017-03-16 23:09:26] /index/pass/init | ERR: (appException) Controller pass/initAction does not exist.
[2017-03-16 23:09:27] /index/pass/init | ERR: (appException) Controller pass/initAction does not exist.
[2017-03-16 23:09:28] /index/pass/init | ERR: (appException) Controller pass/initAction does not exist.
[2017-03-16 23:09:29] /index/pass/init | ERR: (appException) Controller pass/initAction does not exist.
[2017-03-16 23:14:31] /index/pass/init | ERR: (appException) Controller pass/initAction does not exist.
[2017-03-16 23:15:13] /index/pass/init | ERR: (appException) Controller pass/initAction does not exist.
[2017-03-16 23:19:23] /ifr_status/ | ERR: (appException) Controller ifr_status/indexAction does not exist.
[2017-03-16 23:19:23] /ifr_status/ | ERR: (appException) Controller ifr_status/indexAction does not exist.
[2017-03-16 23:30:53] /index/pass/init | ERR: (appException) Controller pass/initAction does not exist.
[2017-03-16 23:30:53] /favicon.ico | ERR: (appException) Controller favicon.ico/indexAction does not exist.
[2017-03-16 23:30:54] /favicon.ico | ERR: (appException) Controller favicon.ico/indexAction does not exist.
[2017-03-16 23:35:00] /ifr_status/ | ERR: (appException) Controller ifr_status/indexAction does not exist.
[2017-03-16 23:35:00] /ifr_status/ | ERR: (appException) Controller ifr_status/indexAction does not exist.
[2017-03-16 23:36:38] /index/pass/init | ERR: (appException) Controller pass/initAction does not exist.
[2017-03-16 23:36:39] /favicon.ico | ERR: (appException) Controller favicon.ico/indexAction does not exist.
[2017-03-16 23:36:39] /favicon.ico | ERR: (appException) Controller favicon.ico/indexAction does not exist.
[2017-03-16 23:40:52] /index/pass/login?ajtime=0.12734751435735914 | ERR: (appException) Controller pass/loginAction does not exist.
[2017-03-16 23:41:00] /index/pass/login?ajtime=0.9800526607464464 | ERR: (appException) Controller pass/loginAction does not exist.
[2017-03-16 23:41:08] /index/pass/login?ajtime=0.7564728079329499 | ERR: (appException) Controller pass/loginAction does not exist.
[2017-03-16 23:41:23] /index/pass/login?ajtime=0.07894501807190146 | ERR: (appException) Controller pass/loginAction does not exist.
[2017-03-16 23:53:49] /ifr_status/ | ERR: (appException) Controller ifr_status/indexAction does not exist.
[2017-03-16 23:53:49] /ifr_status/ | ERR: (appException) Controller ifr_status/indexAction does not exist.
[2017-03-17 00:03:49] /index/pass/init | ERR: (appException) Controller pass/initAction does not exist.
[2017-03-17 00:03:49] /favicon.ico | ERR: (appException) Controller favicon.ico/indexAction does not exist.
[2017-03-17 00:03:49] /favicon.ico | ERR: (appException) Controller favicon.ico/indexAction does not exist.
[2017-03-17 00:04:01] /index/index.php/pass/init | ERR: (appException) Controller index.php/passAction does not exist.
[2017-03-17 00:04:46] /ifr_status/ | ERR: (appException) Controller ifr_status/indexAction does not exist.
[2017-03-17 00:04:46] /ifr_status/ | ERR: (appException) Controller ifr_status/indexAction does not exist.
[2017-03-17 09:10:16] /index/pass/init | ERR: (appException) Controller pass/initAction does not exist.
[2017-03-17 09:10:17] /favicon.ico | ERR: (appException) Controller favicon.ico/indexAction does not exist.
[2017-03-17 09:10:17] /favicon.ico | ERR: (appException) Controller favicon.ico/indexAction does not exist.
[2017-03-17 09:10:27] /index.php%E3%80%81index/pass/init | ERR: (appException) Controller index.php、index/passAction does not exist.
[2017-03-17 09:38:09] /ifr_status/ | ERR: (appException) Controller ifr_status/indexAction does not exist.
[2017-03-17 10:00:04] /ifr_status/ | ERR: (appException) Controller ifr_status/indexAction does not exist.
[2017-03-17 10:00:04] /ifr_status/ | ERR: (appException) Controller ifr_status/indexAction does not exist.
[2017-03-17 10:07:17] /index/pass/init | ERR: (appException) Controller pass/initAction does not exist.
[2017-03-17 10:07:17] /favicon.ico | ERR: (appException) Controller favicon.ico/indexAction does not exist.
[2017-03-17 10:07:17] /favicon.ico | ERR: (appException) Controller favicon.ico/indexAction does not exist.
[2017-03-17 10:31:16] /ifr_status/ | ERR: (appException) Controller ifr_status/indexAction does not exist.
[2017-03-17 11:10:48] /index/pass/init | ERR: (appException) Controller pass/initAction does not exist.
[2017-03-17 11:13:39] /index/pass/init | ERR: (appException) Controller pass/initAction does not exist.
[2017-03-17 11:13:40] /index/pass/init | ERR: (appException) Controller pass/initAction does not exist.
[2017-03-17 11:13:41] /index/pass/init | ERR: (appException) Controller pass/initAction does not exist.
[2017-03-17 11:13:43] /index/pass/init | ERR: (appException) Controller pass/initAction does not exist.
[2017-03-17 11:15:55] /index/pass/init | ERR: (appException) Controller pass/initAction does not exist.
[2017-03-17 11:21:57] /index/pass/init | ERR: (appException) Controller pass/initAction does not exist.
[2017-03-17 11:22:12] /index/pass/init | ERR: (appException) Controller pass/initAction does not exist.
[2017-03-17 11:22:14] /index/pass/init | ERR: (appException) Controller pass/initAction does not exist.
[2017-03-17 11:31:18] /ifr_status/ | ERR: (appException) Controller ifr_status/indexAction does not exist.
[2017-03-17 11:50:46] /index/pass/init | ERR: (appException) Controller pass/initAction does not exist.
[2017-03-17 11:57:45] /www.wdsln.com | ERR: (appException) Controller www.wdsln.com/indexAction does not exist.
[2017-03-17 12:06:42] /ifr_status/ | ERR: (appException) Controller ifr_status/indexAction does not exist.
[2017-03-17 12:21:44] /favicon.ico | ERR: (appException) Controller favicon.ico/indexAction does not exist.
[2017-03-17 12:36:42] /ifr_status/ | ERR: (appException) Controller ifr_status/indexAction does not exist.
[2017-03-17 14:06:16] /ifr_status/ | ERR: (appException) Controller ifr_status/indexAction does not exist.
[2017-03-17 14:08:01] /ifr_status/ | ERR: (appException) Controller ifr_status/indexAction does not exist.
[2017-03-17 14:38:01] /ifr_status/ | ERR: (appException) Controller ifr_status/indexAction does not exist.
[2017-03-17 15:08:17] /ifr_status/ | ERR: (appException) Controller ifr_status/indexAction does not exist.
[2017-03-17 15:15:47] /ifr_status/ | ERR: (appException) Controller ifr_status/indexAction does not exist.
[2017-03-17 15:28:04] /favicon.ico | ERR: (appException) Controller favicon.ico/indexAction does not exist.
[2017-03-17 15:57:35] /ifr_status/ | ERR: (appException) Controller ifr_status/indexAction does not exist.
[2017-03-17 16:27:35] /ifr_status/ | ERR: (appException) Controller ifr_status/indexAction does not exist.
[2017-03-17 16:57:36] /ifr_status/ | ERR: (appException) Controller ifr_status/indexAction does not exist.
[2017-03-17 17:27:36] /ifr_status/ | ERR: (appException) Controller ifr_status/indexAction does not exist.
[2017-03-17 17:37:05] /ifr_status/ | ERR: (appException) Controller ifr_status/indexAction does not exist.
[2017-03-17 18:07:05] /ifr_status/ | ERR: (appException) Controller ifr_status/indexAction does not exist.
[2017-03-17 18:37:06] /ifr_status/ | ERR: (appException) Controller ifr_status/indexAction does not exist.
[2017-03-17 19:07:06] /ifr_status/ | ERR: (appException) Controller ifr_status/indexAction does not exist.
[2017-03-17 19:37:06] /ifr_status/ | ERR: (appException) Controller ifr_status/indexAction does not exist.
[2017-03-17 20:07:06] /ifr_status/ | ERR: (appException) Controller ifr_status/indexAction does not exist.
[2017-03-17 20:38:13] /ifr_status/ | ERR: (appException) Controller ifr_status/indexAction does not exist.
[2017-03-17 21:08:29] /ifr_status/ | ERR: (appException) Controller ifr_status/indexAction does not exist.
[2017-03-20 10:14:30] /favicon.ico | ERR: (appException) Controller favicon.ico/indexAction does not exist.
[2017-03-20 10:43:25] /ifr_status/ | ERR: (appException) Controller ifr_status/indexAction does not exist.
[2017-03-20 11:13:25] /ifr_status/ | ERR: (appException) Controller ifr_status/indexAction does not exist.
[2017-03-20 11:43:26] /ifr_status/ | ERR: (appException) Controller ifr_status/indexAction does not exist.
[2017-03-20 12:13:26] /ifr_status/ | ERR: (appException) Controller ifr_status/indexAction does not exist.
[2017-03-20 12:16:54] /ifr_status/ | ERR: (appException) Controller ifr_status/indexAction does not exist.
[2017-03-20 12:46:54] /ifr_status/ | ERR: (appException) Controller ifr_status/indexAction does not exist.
[2017-03-20 16:18:15] /ifr_status/ | ERR: (appException) Controller ifr_status/indexAction does not exist.
[2017-03-20 16:24:27] /product/invoice/init | ERR: (appException) Controller product/invoiceAction does not exist.
[2017-03-20 16:24:39] /product/invoice/init | ERR: (appException) Controller product/invoiceAction does not exist.
[2017-03-20 16:48:15] /ifr_status/ | ERR: (appException) Controller ifr_status/indexAction does not exist.
[2017-03-20 17:18:15] /ifr_status/ | ERR: (appException) Controller ifr_status/indexAction does not exist.
[2017-03-20 17:48:15] /ifr_status/ | ERR: (appException) Controller ifr_status/indexAction does not exist.
[2017-03-20 17:59:58] /ifr_status/ | ERR: (appException) Controller ifr_status/indexAction does not exist.
[2017-03-21 15:49:46] /favicon.ico | ERR: (appException) Controller favicon.ico/indexAction does not exist.
[2017-03-21 16:00:44] /ifr_status/ | ERR: (appException) Controller ifr_status/indexAction does not exist.
[2017-03-21 16:30:44] /ifr_status/ | ERR: (appException) Controller ifr_status/indexAction does not exist.
[2017-03-21 17:00:44] /ifr_status/ | ERR: (appException) Controller ifr_status/indexAction does not exist.
[2017-03-21 17:30:45] /ifr_status/ | ERR: (appException) Controller ifr_status/indexAction does not exist.
[2017-03-21 18:00:45] /ifr_status/ | ERR: (appException) Controller ifr_status/indexAction does not exist.
[2017-03-21 18:07:59] /ifr_status/ | ERR: (appException) Controller ifr_status/indexAction does not exist.
[2017-03-21 18:37:59] /ifr_status/ | ERR: (appException) Controller ifr_status/indexAction does not exist.
[2017-03-21 19:07:59] /ifr_status/ | ERR: (appException) Controller ifr_status/indexAction does not exist.
[2017-03-21 22:01:27] /ifr_status/ | ERR: (appException) Controller ifr_status/indexAction does not exist.
[2017-03-21 22:31:27] /ifr_status/ | ERR: (appException) Controller ifr_status/indexAction does not exist.
[2017-03-21 23:23:25] /ifr_status/ | ERR: (appException) Controller ifr_status/indexAction does not exist.
[2017-03-22 09:25:24] /ifr_status/ | ERR: (appException) Controller ifr_status/indexAction does not exist.
[2017-03-22 09:45:37] /ifr_status/ | ERR: (appException) Controller ifr_status/indexAction does not exist.
[2017-03-22 10:15:37] /ifr_status/ | ERR: (appException) Controller ifr_status/indexAction does not exist.
[2017-03-22 10:45:37] /ifr_status/ | ERR: (appException) Controller ifr_status/indexAction does not exist.
[2017-03-22 11:15:37] /ifr_status/ | ERR: (appException) Controller ifr_status/indexAction does not exist.
[2017-03-22 11:45:38] /ifr_status/ | ERR: (appException) Controller ifr_status/indexAction does not exist.
[2017-03-22 12:15:38] /ifr_status/ | ERR: (appException) Controller ifr_status/indexAction does not exist.
[2017-03-22 12:45:38] /ifr_status/ | ERR: (appException) Controller ifr_status/indexAction does not exist.
[2017-03-22 14:26:45] /favicon.ico | ERR: (appException) Controller favicon.ico/indexAction does not exist.
[2017-03-22 14:56:10] /ifr_status/ | ERR: (appException) Controller ifr_status/indexAction does not exist.
[2017-03-22 15:26:10] /ifr_status/ | ERR: (appException) Controller ifr_status/indexAction does not exist.
[2017-03-22 15:39:27] /ifr_status/ | ERR: (appException) Controller ifr_status/indexAction does not exist.
[2017-03-22 15:39:27] /ifr_status/ | ERR: (appException) Controller ifr_status/indexAction does not exist.
[2017-03-23 10:41:52] /favicon.ico | ERR: (appException) Controller favicon.ico/indexAction does not exist.
[2017-03-23 10:58:12] /ifr_status/ | ERR: (appException) Controller ifr_status/indexAction does not exist.
[2017-03-23 11:28:12] /ifr_status/ | ERR: (appException) Controller ifr_status/indexAction does not exist.
[2017-03-23 11:53:39] /ifr_status/ | ERR: (appException) Controller ifr_status/indexAction does not exist.
[2017-03-23 12:23:40] /ifr_status/ | ERR: (appException) Controller ifr_status/indexAction does not exist.
[2017-03-23 12:53:40] /ifr_status/ | ERR: (appException) Controller ifr_status/indexAction does not exist.
[2017-03-23 14:10:51] /ifr_status/ | ERR: (appException) Controller ifr_status/indexAction does not exist.
[2017-03-23 14:40:51] /ifr_status/ | ERR: (appException) Controller ifr_status/indexAction does not exist.
[2017-03-23 15:10:52] /ifr_status/ | ERR: (appException) Controller ifr_status/indexAction does not exist.
[2017-03-23 15:40:52] /ifr_status/ | ERR: (appException) Controller ifr_status/indexAction does not exist.
[2017-03-23 16:10:52] /ifr_status/ | ERR: (appException) Controller ifr_status/indexAction does not exist.
[2017-03-23 16:40:52] /ifr_status/ | ERR: (appException) Controller ifr_status/indexAction does not exist.
[2017-03-23 17:10:52] /ifr_status/ | ERR: (appException) Controller ifr_status/indexAction does not exist.
[2017-03-23 17:40:52] /ifr_status/ | ERR: (appException) Controller ifr_status/indexAction does not exist.
[2017-03-23 18:10:52] /ifr_status/ | ERR: (appException) Controller ifr_status/indexAction does not exist.
[2017-03-23 18:40:52] /ifr_status/ | ERR: (appException) Controller ifr_status/indexAction does not exist.
[2017-03-23 19:10:52] /ifr_status/ | ERR: (appException) Controller ifr_status/indexAction does not exist.
[2017-03-23 19:40:53] /ifr_status/ | ERR: (appException) Controller ifr_status/indexAction does not exist.
[2017-03-23 20:10:53] /ifr_status/ | ERR: (appException) Controller ifr_status/indexAction does not exist.
[2017-03-24 09:26:32] /ifr_status/ | ERR: (appException) Controller ifr_status/indexAction does not exist.
[2017-03-24 09:56:32] /ifr_status/ | ERR: (appException) Controller ifr_status/indexAction does not exist.
[2017-03-24 10:00:30] /ifr_status/ | ERR: (appException) Controller ifr_status/indexAction does not exist.
[2017-03-24 10:07:42] /report/dailyCollect/init | ERR: (appException) Controller report/dailyCollectAction does not exist.
[2017-03-24 10:30:30] /ifr_status/ | ERR: (appException) Controller ifr_status/indexAction does not exist.
[2017-03-24 11:00:31] /ifr_status/ | ERR: (appException) Controller ifr_status/indexAction does not exist.
[2017-03-24 11:30:31] /ifr_status/ | ERR: (appException) Controller ifr_status/indexAction does not exist.
[2017-03-24 12:00:31] /ifr_status/ | ERR: (appException) Controller ifr_status/indexAction does not exist.
[2017-03-24 12:30:31] /ifr_status/ | ERR: (appException) Controller ifr_status/indexAction does not exist.
[2017-03-24 14:04:56] /ifr_status/ | ERR: (appException) Controller ifr_status/indexAction does not exist.
[2017-03-24 14:34:56] /ifr_status/ | ERR: (appException) Controller ifr_status/indexAction does not exist.
[2017-03-24 15:04:56] /ifr_status/ | ERR: (appException) Controller ifr_status/indexAction does not exist.
[2017-03-24 15:34:56] /ifr_status/ | ERR: (appException) Controller ifr_status/indexAction does not exist.
[2017-03-24 16:04:56] /ifr_status/ | ERR: (appException) Controller ifr_status/indexAction does not exist.
[2017-03-24 16:34:56] /ifr_status/ | ERR: (appException) Controller ifr_status/indexAction does not exist.
[2017-03-24 17:04:56] /ifr_status/ | ERR: (appException) Controller ifr_status/indexAction does not exist.
[2017-03-24 18:04:56] /ifr_status/ | ERR: (appException) Controller ifr_status/indexAction does not exist.
[2017-03-24 18:05:00] /messenger-front/get?c=nN640gDS6JvbqEnHh6CE9n3%2B0nPLOZdnnflPgPjD7h7fttNOX17iAi8hYnO4QDnVp2FVHsMQRWxu24VtuKCVnc%2BF6ez3JJj%2F8Qkwlt%2BtJyoFIgxzjDqHmPnv9DXfZFLaEKZVhIxTTOvidAknPPdnmzFl9R08v5%2FRKRKb0qL2r8HBbldHOxa00%2BSvXHP0xSu5eW%2FmS0WisBW7%2FjWcJpqF9z1UkkMxbGM0k6oWnUvITRlHmXVMnb1D4czwUxir8cpgMtNG9ZJMo%2FD64fxscPBxzybyeX5cRn6rq8C%2F8TGw4gW3lWJPxUj5QnYf4Y%2B4rAix7eA1ddDCSxpogBqwobzrX0laWz4z4bRPO1ByXFGW9%2BzX8k4bncKzfX44xcPoFkBVN9u7NDBM0YiB%2BwvHu3w59PczWTItXCKhHahfnXCsPrjbNAV5dZCZOnF9cQ3MOcSrEaXldtHSpAhNFZ6mF6KbJH%2FLXizpa8wHNJjJZdC1xbtT4Rl3q%2F6lOK1NQP4MWt%2F%2BvT0H%2FhF6vFX5MxsQPRFb3npe%2FudfNKRwshxmJhjQSXHWGLtjZyOfF9XfC4tSsHX4DuTmGLXU%2FtuJmFmADz4Pd3TX54PRB17cEeLu%2BRJIFjQ%3D&v=1 | ERR: (appException) Controller messenger-front/nN640gDS6JvbqEnHh6CE9n3+0nPLOZdnnflPgPjD7h7fttNOX17iAi8hYnO4QDnVp2FVHsMQRWxu24VtuKCVnc+F6ez3JJj/8Qkwlt+tJyoFIgxzjDqHmPnv9DXfZFLaEKZVhIxTTOvidAknPPdnmzFl9R08v5/RKRKb0qL2r8HBbldHOxa00+SvXHP0xSu5eW/mS0WisBW7/jWcJpqF9z1UkkMxbGM0k6oWnUvITRlHmXVMnb1D4czwUxir8cpgMtNG9ZJMo/D64fxscPBxzybyeX5cRn6rq8C/8TGw4gW3lWJPxUj5QnYf4Y+4rAix7eA1ddDCSxpogBqwobzrX0laWz4z4bRPO1ByXFGW9+zX8k4bncKzfX44xcPoFkBVN9u7NDBM0YiB+wvHu3w59PczWTItXCKhHahfnXCsPrjbNAV5dZCZOnF9cQ3MOcSrEaXldtHSpAhNFZ6mF6KbJH/LXizpa8wHNJjJZdC1xbtT4Rl3q/6lOK1NQP4MWt/+vT0H/hF6vFX5MxsQPRFb3npe/udfNKRwshxmJhjQSXHWGLtjZyOfF9XfC4tSsHX4DuTmGLXU/tuJmFmADz4Pd3TX54PRB17cEeLu+RJIFjQ=Action does not exist.
[2017-03-24 18:34:56] /ifr_status/ | ERR: (appException) Controller ifr_status/indexAction does not exist.
[2017-03-24 18:59:20] /ifr_status/ | ERR: (appException) Controller ifr_status/indexAction does not exist.
[2017-03-24 18:59:20] /ifr_status/ | ERR: (appException) Controller ifr_status/indexAction does not exist.
[2017-03-27 15:53:53] /favicon.ico | ERR: (appException) Controller favicon.ico/indexAction does not exist.
[2017-03-27 15:54:04] /user/teamCapital/init | ERR: (appException) Controller user/teamCapitalAction does not exist.
[2017-03-27 15:54:09] /product/storeDetail/init?action=grid&do=&pid=0 | ERR: (appException) Class [model]: method (getColByOid) not exist
[2017-03-27 15:54:34] /product/storeDetail/init?action=grid&do=&pid=0 | ERR: (appException) Class [model]: method (getColByOid) not exist
[2017-03-27 16:18:16] /ifr_status/ | ERR: (appException) Controller ifr_status/indexAction does not exist.
[2017-03-27 16:48:17] /ifr_status/ | ERR: (appException) Controller ifr_status/indexAction does not exist.
[2017-03-27 17:18:17] /ifr_status/ | ERR: (appException) Controller ifr_status/indexAction does not exist.
[2017-03-27 17:48:17] /ifr_status/ | ERR: (appException) Controller ifr_status/indexAction does not exist.
[2017-03-27 18:18:17] /ifr_status/ | ERR: (appException) Controller ifr_status/indexAction does not exist.
[2017-03-27 18:48:17] /ifr_status/ | ERR: (appException) Controller ifr_status/indexAction does not exist.
[2017-03-27 18:55:22] /ifr_status/ | ERR: (appException) Controller ifr_status/indexAction does not exist.
[2017-03-27 18:55:22] /ifr_status/ | ERR: (appException) Controller ifr_status/indexAction does not exist.
[2017-03-28 11:42:43] /favicon.ico | ERR: (appException) Controller favicon.ico/indexAction does not exist.
[2017-03-28 11:43:24] /user/teamCapital/init | ERR: (appException) Controller user/teamCapitalAction does not exist.
[2017-03-28 12:04:20] /ifr_status/ | ERR: (appException) Controller ifr_status/indexAction does not exist.
[2017-03-28 12:34:20] /ifr_status/ | ERR: (appException) Controller ifr_status/indexAction does not exist.
[2017-03-28 13:04:20] /ifr_status/ | ERR: (appException) Controller ifr_status/indexAction does not exist.
[2017-03-28 15:16:21] /ifr_status/ | ERR: (appException) Controller ifr_status/indexAction does not exist.
[2017-03-28 16:29:56] /ifr_status/ | ERR: (appException) Controller ifr_status/indexAction does not exist.
[2017-03-28 16:59:57] /ifr_status/ | ERR: (appException) Controller ifr_status/indexAction does not exist.
[2017-03-28 17:29:57] /ifr_status/ | ERR: (appException) Controller ifr_status/indexAction does not exist.
[2017-03-28 17:59:57] /ifr_status/ | ERR: (appException) Controller ifr_status/indexAction does not exist.
[2017-03-28 18:29:57] /ifr_status/ | ERR: (appException) Controller ifr_status/indexAction does not exist.
[2017-03-28 18:37:47] /ifr_status/ | ERR: (appException) Controller ifr_status/indexAction does not exist.
[2017-03-28 18:37:47] /ifr_status/ | ERR: (appException) Controller ifr_status/indexAction does not exist.
[2017-03-29 18:18:14] /favicon.ico | ERR: (appException) Controller favicon.ico/indexAction does not exist.
[2017-03-29 18:18:22] /user/teamCapital/init | ERR: (appException) Controller user/teamCapitalAction does not exist.
[2017-03-29 18:48:03] /ifr_status/ | ERR: (appException) Controller ifr_status/indexAction does not exist.
[2017-03-29 19:18:03] /ifr_status/ | ERR: (appException) Controller ifr_status/indexAction does not exist.
[2017-03-29 19:19:25] /ifr_status/ | ERR: (appException) Controller ifr_status/indexAction does not exist.
[2017-03-29 19:19:25] /ifr_status/ | ERR: (appException) Controller ifr_status/indexAction does not exist.
[2017-03-30 15:32:18] /favicon.ico | ERR: (appException) Controller favicon.ico/indexAction does not exist.
[2017-03-30 15:32:30] /user/teamCapital/init | ERR: (appException) Controller user/teamCapitalAction does not exist.
[2017-03-30 15:56:16] /ifr_status/ | ERR: (appException) Controller ifr_status/indexAction does not exist.
[2017-03-30 16:26:17] /ifr_status/ | ERR: (appException) Controller ifr_status/indexAction does not exist.
[2017-03-30 16:56:17] /ifr_status/ | ERR: (appException) Controller ifr_status/indexAction does not exist.
[2017-03-30 17:26:17] /ifr_status/ | ERR: (appException) Controller ifr_status/indexAction does not exist.
[2017-03-30 17:56:17] /ifr_status/ | ERR: (appException) Controller ifr_status/indexAction does not exist.
[2017-03-30 18:26:17] /ifr_status/ | ERR: (appException) Controller ifr_status/indexAction does not exist.
[2017-03-30 18:28:56] /user/teamCapital/init | ERR: (appException) Controller user/teamCapitalAction does not exist.
[2017-03-30 18:56:18] /ifr_status/ | ERR: (appException) Controller ifr_status/indexAction does not exist.
[2017-03-30 19:26:19] /ifr_status/ | ERR: (appException) Controller ifr_status/indexAction does not exist.
[2017-03-31 10:50:20] /favicon.ico | ERR: (appException) Controller favicon.ico/indexAction does not exist.
[2017-03-31 10:50:31] /user/teamCapital/init | ERR: (appException) Controller user/teamCapitalAction does not exist.
[2017-03-31 11:16:25] /ifr_status/ | ERR: (appException) Controller ifr_status/indexAction does not exist.
[2017-03-31 11:22:15] /favicon.ico | ERR: (appException) Controller favicon.ico/indexAction does not exist.
[2017-03-31 11:22:24] /user/teamCapital/init | ERR: (appException) Controller user/teamCapitalAction does not exist.
[2017-03-31 11:49:23] /ifr_status/ | ERR: (appException) Controller ifr_status/indexAction does not exist.
[2017-03-31 11:49:31] /user/teamCapital/init | ERR: (appException) Controller user/teamCapitalAction does not exist.
[2017-03-31 17:44:14] /favicon.ico | ERR: (appException) Controller favicon.ico/indexAction does not exist.
[2017-03-31 17:44:24] /user/teamCapital/init | ERR: (appException) Controller user/teamCapitalAction does not exist.
[2017-03-31 18:22:59] /favicon.ico | ERR: (appException) Controller favicon.ico/indexAction does not exist.
[2017-04-01 10:17:03] /favicon.ico | ERR: (appException) Controller favicon.ico/indexAction does not exist.
[2017-04-01 10:17:21] /user/teamCapital/init | ERR: (appException) Controller user/teamCapitalAction does not exist.
[2017-04-01 10:21:00] /ifr_status/ | ERR: (appException) Controller ifr_status/indexAction does not exist.
[2017-04-01 10:21:00] /ifr_status/ | ERR: (appException) Controller ifr_status/indexAction does not exist.
[2017-04-01 17:45:21] /favicon.ico | ERR: (appException) Controller favicon.ico/indexAction does not exist.
[2017-04-01 17:50:14] /ifr_status/ | ERR: (appException) Controller ifr_status/indexAction does not exist.
[2017-04-01 17:50:16] /ifr_status/ | ERR: (appException) Controller ifr_status/indexAction does not exist.
[2017-04-01 17:50:26] /favicon.ico | ERR: (appException) Controller favicon.ico/indexAction does not exist.
[2017-04-01 17:50:26] /favicon.ico | ERR: (appException) Controller favicon.ico/indexAction does not exist.
[2017-04-01 17:53:14] /user/teamCapital/init | ERR: (appException) Controller user/teamCapitalAction does not exist.
[2017-04-01 17:56:15] /ifr_status/ | ERR: (appException) Controller ifr_status/indexAction does not exist.
[2017-04-01 18:17:55] /favicon.ico | ERR: (appException) Controller favicon.ico/indexAction does not exist.
[2017-04-01 18:18:04] /user/teamCapital/init | ERR: (appException) Controller user/teamCapitalAction does not exist.
[2017-04-01 18:25:58] /ifr_status/ | ERR: (appException) Controller ifr_status/indexAction does not exist.
[2017-04-01 18:25:58] /ifr_status/ | ERR: (appException) Controller ifr_status/indexAction does not exist.
[2017-04-01 18:26:12] /favicon.ico | ERR: (appException) Controller favicon.ico/indexAction does not exist.
[2017-04-01 18:33:59] /user/contact/init?action=remove&ajtime=0.38915757589425437 | ERR: (appException) Model Class customerContacModel does not exist.
[2017-04-01 18:40:58] /favicon.ico | ERR: (appException) Controller favicon.ico/indexAction does not exist.
[2017-04-01 18:42:29] /user/teamCapital/init | ERR: (appException) Controller user/teamCapitalAction does not exist.
[2017-04-01 18:51:16] /user/teamCapital/init | ERR: (appException) Controller user/teamCapitalAction does not exist.
[2017-04-05 18:01:59] /ifr_status/ | ERR: (appException) Controller ifr_status/indexAction does not exist.
[2017-04-05 18:31:59] /ifr_status/ | ERR: (appException) Controller ifr_status/indexAction does not exist.
[2017-04-05 19:32:33] /ifr_status/ | ERR: (appException) Controller ifr_status/indexAction does not exist.
[2017-04-05 19:32:33] /ifr_status/ | ERR: (appException) Controller ifr_status/indexAction does not exist.
[2017-04-05 21:55:41] /ifr_status/ | ERR: (appException) Controller ifr_status/indexAction does not exist.
[2017-04-05 22:00:16] /favicon.ico | ERR: (appException) Controller favicon.ico/indexAction does not exist.
[2017-04-05 22:00:16] /favicon.ico | ERR: (appException) Controller favicon.ico/indexAction does not exist.
[2017-04-05 22:13:31] /favicon.ico | ERR: (appException) Controller favicon.ico/indexAction does not exist.
[2017-04-05 22:14:03] /user/teamCapital/init | ERR: (appException) Controller user/teamCapitalAction does not exist.
[2017-04-05 22:17:52] /ifr_status/ | ERR: (appException) Controller ifr_status/indexAction does not exist.
[2017-04-05 22:17:52] /ifr_status/ | ERR: (appException) Controller ifr_status/indexAction does not exist.
[2017-04-05 22:26:24] /favicon.ico | ERR: (appException) Controller favicon.ico/indexAction does not exist.
[2017-04-05 22:26:24] /favicon.ico | ERR: (appException) Controller favicon.ico/indexAction does not exist.
[2017-04-05 22:26:34] /user/teamCapital/init | ERR: (appException) Controller user/teamCapitalAction does not exist.
[2017-04-05 22:52:04] /ifr_status/ | ERR: (appException) Controller ifr_status/indexAction does not exist.
[2017-04-05 23:22:04] /ifr_status/ | ERR: (appException) Controller ifr_status/indexAction does not exist.
[2017-04-06 09:53:39] /ifr_status/ | ERR: (appException) Controller ifr_status/indexAction does not exist.
[2017-04-06 10:23:39] /ifr_status/ | ERR: (appException) Controller ifr_status/indexAction does not exist.
[2017-04-06 10:53:40] /ifr_status/ | ERR: (appException) Controller ifr_status/indexAction does not exist.
[2017-04-06 11:23:40] /ifr_status/ | ERR: (appException) Controller ifr_status/indexAction does not exist.
[2017-04-06 14:01:12] /ifr_status/ | ERR: (appException) Controller ifr_status/indexAction does not exist.
[2017-04-06 17:49:56] /ifr_status/ | ERR: (appException) Controller ifr_status/indexAction does not exist.
[2017-04-06 18:19:56] /ifr_status/ | ERR: (appException) Controller ifr_status/indexAction does not exist.
[2017-04-06 18:47:52] /ifr_status/ | ERR: (appException) Controller ifr_status/indexAction does not exist.
[2017-04-06 18:47:52] /ifr_status/ | ERR: (appException) Controller ifr_status/indexAction does not exist.
[2017-04-06 18:51:21] /ifr_status/ | ERR: (appException) Controller ifr_status/indexAction does not exist.
[2017-04-06 18:51:22] /ifr_status/ | ERR: (appException) Controller ifr_status/indexAction does not exist.
[2017-04-06 19:08:10] /favicon.ico | ERR: (appException) Controller favicon.ico/indexAction does not exist.
[2017-04-06 19:08:10] /favicon.ico | ERR: (appException) Controller favicon.ico/indexAction does not exist.
[2017-04-06 19:08:36] /user/teamCapital/init | ERR: (appException) Controller user/teamCapitalAction does not exist.
[2017-04-06 19:19:47] /user/teamCapital/init | ERR: (appException) Controller user/teamCapitalAction does not exist.
[2017-04-06 19:21:22] /ifr_status/ | ERR: (appException) Controller ifr_status/indexAction does not exist.
[2017-04-06 19:51:22] /ifr_status/ | ERR: (appException) Controller ifr_status/indexAction does not exist.
[2017-04-06 20:21:22] /ifr_status/ | ERR: (appException) Controller ifr_status/indexAction does not exist.
[2017-04-06 20:51:22] /ifr_status/ | ERR: (appException) Controller ifr_status/indexAction does not exist.
[2017-04-07 09:47:06] /ifr_status/ | ERR: (appException) Controller ifr_status/indexAction does not exist.
[2017-04-07 10:17:06] /ifr_status/ | ERR: (appException) Controller ifr_status/indexAction does not exist.
[2017-04-07 10:47:06] /ifr_status/ | ERR: (appException) Controller ifr_status/indexAction does not exist.
[2017-04-07 11:01:08] /favicon.ico | ERR: (appException) Controller favicon.ico/indexAction does not exist.
[2017-04-07 11:01:08] /favicon.ico | ERR: (appException) Controller favicon.ico/indexAction does not exist.
[2017-04-07 11:01:14] /user/teamCapital/init | ERR: (appException) Controller user/teamCapitalAction does not exist.
[2017-04-07 11:14:00] /user/teamCapital/init | ERR: (appException) Controller user/teamCapitalAction does not exist.
[2017-04-07 11:17:06] /ifr_status/ | ERR: (appException) Controller ifr_status/indexAction does not exist.
[2017-04-07 15:53:34] /favicon.ico | ERR: (appException) Controller favicon.ico/indexAction does not exist.
[2017-04-07 15:53:34] /favicon.ico | ERR: (appException) Controller favicon.ico/indexAction does not exist.
[2017-04-07 16:16:39] /ifr_status/ | ERR: (appException) Controller ifr_status/indexAction does not exist.
[2017-04-07 18:35:23] /ifr_status/ | ERR: (appException) Controller ifr_status/indexAction does not exist.
[2017-04-07 18:49:25] /ifr_status/ | ERR: (appException) Controller ifr_status/indexAction does not exist.
[2017-04-07 18:49:25] /ifr_status/ | ERR: (appException) Controller ifr_status/indexAction does not exist.
[2017-04-13 14:36:16] /favicon.ico | ERR: (appException) Controller favicon.ico/indexAction does not exist.
[2017-04-13 14:36:16] /favicon.ico | ERR: (appException) Controller favicon.ico/indexAction does not exist.
[2017-04-13 14:36:17] /favicon.ico | ERR: (appException) Controller favicon.ico/indexAction does not exist.
[2017-04-13 15:19:41] /favicon.ico | ERR: (appException) Controller favicon.ico/indexAction does not exist.
[2017-04-13 15:35:03] /ifr_status/ | ERR: (appException) Controller ifr_status/indexAction does not exist.
[2017-04-13 16:51:32] /ifr_status/ | ERR: (appException) Controller ifr_status/indexAction does not exist.
[2017-04-13 17:23:18] /ifr_status/ | ERR: (appException) Controller ifr_status/indexAction does not exist.
[2017-04-13 17:53:18] /ifr_status/ | ERR: (appException) Controller ifr_status/indexAction does not exist.
[2017-04-13 18:23:18] /ifr_status/ | ERR: (appException) Controller ifr_status/indexAction does not exist.
[2017-04-14 16:08:41] /favicon.ico | ERR: (appException) Controller favicon.ico/indexAction does not exist.
[2017-04-14 16:21:02] /ifr_status/ | ERR: (appException) Controller ifr_status/indexAction does not exist.
[2017-04-14 16:51:02] /ifr_status/ | ERR: (appException) Controller ifr_status/indexAction does not exist.
[2017-04-14 17:21:02] /ifr_status/ | ERR: (appException) Controller ifr_status/indexAction does not exist.
[2017-04-14 17:51:03] /ifr_status/ | ERR: (appException) Controller ifr_status/indexAction does not exist.
[2017-04-14 18:21:03] /ifr_status/ | ERR: (appException) Controller ifr_status/indexAction does not exist.
[2017-04-14 18:51:03] /ifr_status/ | ERR: (appException) Controller ifr_status/indexAction does not exist.
[2017-04-14 22:35:13] /ifr_status/ | ERR: (appException) Controller ifr_status/indexAction does not exist.
[2017-04-14 23:05:13] /ifr_status/ | ERR: (appException) Controller ifr_status/indexAction does not exist.
[2017-04-14 23:35:14] /ifr_status/ | ERR: (appException) Controller ifr_status/indexAction does not exist.
[2017-04-15 00:05:14] /ifr_status/ | ERR: (appException) Controller ifr_status/indexAction does not exist.
[2017-04-15 00:35:14] /ifr_status/ | ERR: (appException) Controller ifr_status/indexAction does not exist.
[2017-04-15 00:36:52] /ifr_status/ | ERR: (appException) Controller ifr_status/indexAction does not exist.
[2017-04-15 00:36:53] /ifr_status/ | ERR: (appException) Controller ifr_status/indexAction does not exist.
[2017-04-17 11:39:23] /ifr_status/ | ERR: (appException) Controller ifr_status/indexAction does not exist.
[2017-04-17 13:35:22] /favicon.ico | ERR: (appException) Controller favicon.ico/indexAction does not exist.
[2017-04-17 14:02:47] /ifr_status/ | ERR: (appException) Controller ifr_status/indexAction does not exist.
[2017-04-17 14:32:47] /ifr_status/ | ERR: (appException) Controller ifr_status/indexAction does not exist.
[2017-04-17 15:02:47] /ifr_status/ | ERR: (appException) Controller ifr_status/indexAction does not exist.
[2017-04-17 15:32:47] /ifr_status/ | ERR: (appException) Controller ifr_status/indexAction does not exist.
[2017-04-17 16:02:47] /ifr_status/ | ERR: (appException) Controller ifr_status/indexAction does not exist.
[2017-04-17 16:32:47] /ifr_status/ | ERR: (appException) Controller ifr_status/indexAction does not exist.
[2017-04-17 17:02:47] /ifr_status/ | ERR: (appException) Controller ifr_status/indexAction does not exist.
[2017-04-17 17:32:47] /ifr_status/ | ERR: (appException) Controller ifr_status/indexAction does not exist.
[2017-04-17 18:03:11] /ifr_status/ | ERR: (appException) Controller ifr_status/indexAction does not exist.
[2017-04-17 18:33:11] /ifr_status/ | ERR: (appException) Controller ifr_status/indexAction does not exist.
[2017-04-17 19:03:11] /ifr_status/ | ERR: (appException) Controller ifr_status/indexAction does not exist.
[2017-04-18 09:35:32] /ifr_status/ | ERR: (appException) Controller ifr_status/indexAction does not exist.
[2017-04-18 10:49:02] /ifr_status/ | ERR: (appException) Controller ifr_status/indexAction does not exist.
[2017-04-18 11:19:03] /ifr_status/ | ERR: (appException) Controller ifr_status/indexAction does not exist.
[2017-04-18 11:49:03] /ifr_status/ | ERR: (appException) Controller ifr_status/indexAction does not exist.
[2017-04-18 11:50:19] /ifr_status/ | ERR: (appException) Controller ifr_status/indexAction does not exist.
[2017-04-18 12:20:19] /ifr_status/ | ERR: (appException) Controller ifr_status/indexAction does not exist.
[2017-04-18 12:50:19] /ifr_status/ | ERR: (appException) Controller ifr_status/indexAction does not exist.
[2017-04-18 13:20:19] /ifr_status/ | ERR: (appException) Controller ifr_status/indexAction does not exist.
[2017-04-18 13:50:19] /ifr_status/ | ERR: (appException) Controller ifr_status/indexAction does not exist.
[2017-04-18 14:20:19] /ifr_status/ | ERR: (appException) Controller ifr_status/indexAction does not exist.
[2017-04-18 14:30:53] /ifr_status/ | ERR: (appException) Controller ifr_status/indexAction does not exist.
[2017-04-18 15:00:53] /ifr_status/ | ERR: (appException) Controller ifr_status/indexAction does not exist.
[2017-04-18 15:30:53] /ifr_status/ | ERR: (appException) Controller ifr_status/indexAction does not exist.
[2017-04-18 15:34:59] /ifr_status/ | ERR: (appException) Controller ifr_status/indexAction does not exist.
[2017-04-18 16:04:59] /ifr_status/ | ERR: (appException) Controller ifr_status/indexAction does not exist.
[2017-04-18 16:34:59] /ifr_status/ | ERR: (appException) Controller ifr_status/indexAction does not exist.
[2017-04-18 17:04:59] /ifr_status/ | ERR: (appException) Controller ifr_status/indexAction does not exist.
[2017-04-18 17:34:59] /ifr_status/ | ERR: (appException) Controller ifr_status/indexAction does not exist.
[2017-04-18 18:04:59] /ifr_status/ | ERR: (appException) Controller ifr_status/indexAction does not exist.
[2017-04-18 18:34:59] /ifr_status/ | ERR: (appException) Controller ifr_status/indexAction does not exist.
[2017-04-18 18:36:38] /ifr_status/ | ERR: (appException) Controller ifr_status/indexAction does not exist.
[2017-04-18 18:36:38] /ifr_status/ | ERR: (appException) Controller ifr_status/indexAction does not exist.
[2017-04-19 09:12:32] /favicon.ico | ERR: (appException) Controller favicon.ico/indexAction does not exist.
[2017-04-19 09:34:32] /ifr_status/ | ERR: (appException) Controller ifr_status/indexAction does not exist.
[2017-04-19 09:46:23] /ifr_status/ | ERR: (appException) Controller ifr_status/indexAction does not exist.
[2017-04-19 09:46:23] /ifr_status/ | ERR: (appException) Controller ifr_status/indexAction does not exist.
[2017-04-19 10:07:35] /favicon.ico | ERR: (appException) Controller favicon.ico/indexAction does not exist.
[2017-04-19 10:31:15] /ifr_status/ | ERR: (appException) Controller ifr_status/indexAction does not exist.
[2017-04-19 11:01:15] /ifr_status/ | ERR: (appException) Controller ifr_status/indexAction does not exist.
[2017-04-19 11:31:15] /ifr_status/ | ERR: (appException) Controller ifr_status/indexAction does not exist.
[2017-04-19 12:01:15] /ifr_status/ | ERR: (appException) Controller ifr_status/indexAction does not exist.
[2017-04-19 12:31:15] /ifr_status/ | ERR: (appException) Controller ifr_status/indexAction does not exist.
[2017-04-19 13:01:15] /ifr_status/ | ERR: (appException) Controller ifr_status/indexAction does not exist.
[2017-04-19 13:31:15] /ifr_status/ | ERR: (appException) Controller ifr_status/indexAction does not exist.
[2017-04-19 14:01:16] /ifr_status/ | ERR: (appException) Controller ifr_status/indexAction does not exist.
[2017-04-19 14:04:27] /ifr_status/ | ERR: (appException) Controller ifr_status/indexAction does not exist.
[2017-04-19 14:34:27] /ifr_status/ | ERR: (appException) Controller ifr_status/indexAction does not exist.
[2017-04-19 15:04:27] /ifr_status/ | ERR: (appException) Controller ifr_status/indexAction does not exist.
[2017-04-19 15:34:28] /ifr_status/ | ERR: (appException) Controller ifr_status/indexAction does not exist.
[2017-04-19 15:47:37] /ifr_status/ | ERR: (appException) Controller ifr_status/indexAction does not exist.
[2017-04-19 16:13:06] /favicon.ico | ERR: (appException) Controller favicon.ico/indexAction does not exist.
[2017-04-19 16:13:07] /favicon.ico | ERR: (appException) Controller favicon.ico/indexAction does not exist.
[2017-04-19 16:17:37] /ifr_status/ | ERR: (appException) Controller ifr_status/indexAction does not exist.
[2017-04-19 16:47:38] /ifr_status/ | ERR: (appException) Controller ifr_status/indexAction does not exist.
[2017-04-19 17:17:38] /ifr_status/ | ERR: (appException) Controller ifr_status/indexAction does not exist.
[2017-04-19 17:33:56] /favicon.ico | ERR: (appException) Controller favicon.ico/indexAction does not exist.
[2017-04-19 17:33:57] /favicon.ico | ERR: (appException) Controller favicon.ico/indexAction does not exist.
[2017-04-19 17:47:38] /ifr_status/ | ERR: (appException) Controller ifr_status/indexAction does not exist.
[2017-04-19 18:17:38] /ifr_status/ | ERR: (appException) Controller ifr_status/indexAction does not exist.
[2017-04-19 18:47:38] /ifr_status/ | ERR: (appException) Controller ifr_status/indexAction does not exist.
[2017-04-19 19:17:38] /ifr_status/ | ERR: (appException) Controller ifr_status/indexAction does not exist.
[2017-04-19 19:47:38] /ifr_status/ | ERR: (appException) Controller ifr_status/indexAction does not exist.
[2017-04-19 20:17:38] /ifr_status/ | ERR: (appException) Controller ifr_status/indexAction does not exist.
[2017-04-19 20:26:40] /ifr_status/ | ERR: (appException) Controller ifr_status/indexAction does not exist.
[2017-04-19 20:26:40] /ifr_status/ | ERR: (appException) Controller ifr_status/indexAction does not exist.
[2017-04-20 18:58:43] /favicon.ico | ERR: (appException) Controller favicon.ico/indexAction does not exist.
[2017-04-20 18:58:43] /favicon.ico | ERR: (appException) Controller favicon.ico/indexAction does not exist.
[2017-04-20 19:26:20] /ifr_status/ | ERR: (appException) Controller ifr_status/indexAction does not exist.
[2017-04-20 19:29:05] /ifr_status/ | ERR: (appException) Controller ifr_status/indexAction does not exist.
[2017-04-20 19:29:05] /ifr_status/ | ERR: (appException) Controller ifr_status/indexAction does not exist.
[2017-04-21 21:57:06] /ifr_status/ | ERR: (appException) Controller ifr_status/indexAction does not exist.
[2017-04-21 22:27:06] /ifr_status/ | ERR: (appException) Controller ifr_status/indexAction does not exist.
[2017-04-21 22:57:07] /ifr_status/ | ERR: (appException) Controller ifr_status/indexAction does not exist.
[2017-04-22 00:24:16] /ifr_status/ | ERR: (appException) Controller ifr_status/indexAction does not exist.
[2017-04-22 00:54:16] /ifr_status/ | ERR: (appException) Controller ifr_status/indexAction does not exist.
[2017-04-23 00:13:13] /ifr_status/ | ERR: (appException) Controller ifr_status/indexAction does not exist.
[2017-04-24 21:42:48] /favicon.ico | ERR: (appException) Controller favicon.ico/indexAction does not exist.
[2017-04-24 21:42:48] /favicon.ico | ERR: (appException) Controller favicon.ico/indexAction does not exist.
[2017-04-24 21:52:11] /ifr_status/ | ERR: (appException) Controller ifr_status/indexAction does not exist.
[2017-04-24 21:52:11] /ifr_status/ | ERR: (appException) Controller ifr_status/indexAction does not exist.
[2017-04-24 21:59:18] /favicon.ico | ERR: (appException) Controller favicon.ico/indexAction does not exist.
[2017-04-24 21:59:18] /favicon.ico | ERR: (appException) Controller favicon.ico/indexAction does not exist.
[2017-04-24 22:16:05] /favicon.ico | ERR: (appException) Controller favicon.ico/indexAction does not exist.
[2017-04-24 23:47:53] /ifr_status/ | ERR: (appException) Controller ifr_status/indexAction does not exist.
[2017-04-25 00:14:53] /ifr_status/ | ERR: (appException) Controller ifr_status/indexAction does not exist.
[2017-04-25 00:41:53] /ifr_status/ | ERR: (appException) Controller ifr_status/indexAction does not exist.
[2017-04-25 00:55:40] /ifr_status/ | ERR: (appException) Controller ifr_status/indexAction does not exist.
[2017-04-25 11:19:45] /ifr_status/ | ERR: (appException) Controller ifr_status/indexAction does not exist.
[2017-04-25 11:46:45] /ifr_status/ | ERR: (appException) Controller ifr_status/indexAction does not exist.
[2017-04-25 12:13:45] /ifr_status/ | ERR: (appException) Controller ifr_status/indexAction does not exist.
[2017-04-25 13:12:25] /ifr_status/ | ERR: (appException) Controller ifr_status/indexAction does not exist.
[2017-04-25 13:38:58] /favicon.ico | ERR: (appException) Controller favicon.ico/indexAction does not exist.
[2017-04-25 13:39:25] /ifr_status/ | ERR: (appException) Controller ifr_status/indexAction does not exist.
[2017-04-25 14:06:25] /ifr_status/ | ERR: (appException) Controller ifr_status/indexAction does not exist.
[2017-04-25 15:27:59] /ifr_status/ | ERR: (appException) Controller ifr_status/indexAction does not exist.
[2017-04-25 18:13:11] /ifr_status/ | ERR: (appException) Controller ifr_status/indexAction does not exist.
[2017-04-25 18:40:11] /ifr_status/ | ERR: (appException) Controller ifr_status/indexAction does not exist.
[2017-04-25 19:07:11] /ifr_status/ | ERR: (appException) Controller ifr_status/indexAction does not exist.
[2017-04-25 20:01:11] /ifr_status/ | ERR: (appException) Controller ifr_status/indexAction does not exist.
[2017-04-25 20:28:11] /ifr_status/ | ERR: (appException) Controller ifr_status/indexAction does not exist.
[2017-04-26 10:36:11] /ifr_status/ | ERR: (appException) Controller ifr_status/indexAction does not exist.
[2017-04-26 11:06:12] /ifr_status/ | ERR: (appException) Controller ifr_status/indexAction does not exist.
[2017-04-26 11:36:13] /ifr_status/ | ERR: (appException) Controller ifr_status/indexAction does not exist.
[2017-04-26 12:06:13] /ifr_status/ | ERR: (appException) Controller ifr_status/indexAction does not exist.
[2017-04-26 12:36:13] /ifr_status/ | ERR: (appException) Controller ifr_status/indexAction does not exist.
[2017-04-26 13:06:13] /ifr_status/ | ERR: (appException) Controller ifr_status/indexAction does not exist.
[2017-04-26 13:36:13] /ifr_status/ | ERR: (appException) Controller ifr_status/indexAction does not exist.
[2017-04-26 14:43:06] /ifr_status/ | ERR: (appException) Controller ifr_status/indexAction does not exist.
[2017-04-26 15:44:58] /ifr_status/ | ERR: (appException) Controller ifr_status/indexAction does not exist.
[2017-04-26 16:14:58] /ifr_status/ | ERR: (appException) Controller ifr_status/indexAction does not exist.
[2017-04-26 16:44:58] /ifr_status/ | ERR: (appException) Controller ifr_status/indexAction does not exist.
[2017-04-26 17:14:58] /ifr_status/ | ERR: (appException) Controller ifr_status/indexAction does not exist.
[2017-04-26 17:44:58] /ifr_status/ | ERR: (appException) Controller ifr_status/indexAction does not exist.
[2017-04-26 18:14:59] /ifr_status/ | ERR: (appException) Controller ifr_status/indexAction does not exist.
[2017-04-26 18:44:59] /ifr_status/ | ERR: (appException) Controller ifr_status/indexAction does not exist.
[2017-04-26 19:14:59] /ifr_status/ | ERR: (appException) Controller ifr_status/indexAction does not exist.
[2017-04-26 19:44:59] /ifr_status/ | ERR: (appException) Controller ifr_status/indexAction does not exist.
[2017-04-26 20:09:06] /ifr_status/ | ERR: (appException) Controller ifr_status/indexAction does not exist.
[2017-04-26 20:09:06] /ifr_status/ | ERR: (appException) Controller ifr_status/indexAction does not exist.
[2017-04-27 13:50:03] /ifr_status/ | ERR: (appException) Controller ifr_status/indexAction does not exist.
[2017-04-27 14:20:03] /ifr_status/ | ERR: (appException) Controller ifr_status/indexAction does not exist.
[2017-04-27 14:50:03] /ifr_status/ | ERR: (appException) Controller ifr_status/indexAction does not exist.
[2017-04-27 15:52:25] /ifr_status/ | ERR: (appException) Controller ifr_status/indexAction does not exist.
[2017-04-27 16:57:05] /ifr_status/ | ERR: (appException) Controller ifr_status/indexAction does not exist.
[2017-04-27 17:27:05] /ifr_status/ | ERR: (appException) Controller ifr_status/indexAction does not exist.
[2017-04-27 17:57:05] /ifr_status/ | ERR: (appException) Controller ifr_status/indexAction does not exist.
[2017-04-27 18:27:05] /ifr_status/ | ERR: (appException) Controller ifr_status/indexAction does not exist.
[2017-04-27 18:57:05] /ifr_status/ | ERR: (appException) Controller ifr_status/indexAction does not exist.
[2017-04-27 19:27:05] /ifr_status/ | ERR: (appException) Controller ifr_status/indexAction does not exist.
[2017-04-27 19:57:05] /ifr_status/ | ERR: (appException) Controller ifr_status/indexAction does not exist.
[2017-04-27 20:27:06] /ifr_status/ | ERR: (appException) Controller ifr_status/indexAction does not exist.
[2017-04-27 20:57:06] /ifr_status/ | ERR: (appException) Controller ifr_status/indexAction does not exist.
[2017-04-27 22:44:58] /ifr_status/ | ERR: (appException) Controller ifr_status/indexAction does not exist.
[2017-04-27 23:14:58] /ifr_status/ | ERR: (appException) Controller ifr_status/indexAction does not exist.
[2017-04-28 00:33:04] /ifr_status/ | ERR: (appException) Controller ifr_status/indexAction does not exist.
[2017-04-28 07:41:51] /ifr_status/ | ERR: (appException) Controller ifr_status/indexAction does not exist.
[2017-04-28 11:28:51] /ifr_status/ | ERR: (appException) Controller ifr_status/indexAction does not exist.
[2017-04-28 11:58:52] /ifr_status/ | ERR: (appException) Controller ifr_status/indexAction does not exist.
[2017-04-28 12:28:54] /ifr_status/ | ERR: (appException) Controller ifr_status/indexAction does not exist.
[2017-04-28 12:58:54] /ifr_status/ | ERR: (appException) Controller ifr_status/indexAction does not exist.
[2017-04-28 13:28:54] /ifr_status/ | ERR: (appException) Controller ifr_status/indexAction does not exist.
[2017-04-28 13:58:54] /ifr_status/ | ERR: (appException) Controller ifr_status/indexAction does not exist.
[2017-04-28 14:28:54] /ifr_status/ | ERR: (appException) Controller ifr_status/indexAction does not exist.
[2017-04-28 14:58:55] /ifr_status/ | ERR: (appException) Controller ifr_status/indexAction does not exist.
[2017-04-28 15:28:57] /ifr_status/ | ERR: (appException) Controller ifr_status/indexAction does not exist.
[2017-04-28 15:45:01] /ifr_status/ | ERR: (appException) Controller ifr_status/indexAction does not exist.
[2017-04-28 15:45:01] /ifr_status/ | ERR: (appException) Controller ifr_status/indexAction does not exist.
[2017-05-03 17:46:45] /favicon.ico | ERR: (appException) Controller favicon.ico/indexAction does not exist.
[2017-05-03 17:47:00] /favicon.ico | ERR: (appException) Controller favicon.ico/indexAction does not exist.
[2017-05-03 18:13:32] /ifr_status/ | ERR: (appException) Controller ifr_status/indexAction does not exist.
[2017-05-03 18:43:32] /ifr_status/ | ERR: (appException) Controller ifr_status/indexAction does not exist.
[2017-05-03 19:13:32] /ifr_status/ | ERR: (appException) Controller ifr_status/indexAction does not exist.
[2017-05-03 19:43:32] /ifr_status/ | ERR: (appException) Controller ifr_status/indexAction does not exist.
[2017-05-03 20:13:32] /ifr_status/ | ERR: (appException) Controller ifr_status/indexAction does not exist.
[2017-05-03 20:43:33] /ifr_status/ | ERR: (appException) Controller ifr_status/indexAction does not exist.
[2017-05-03 21:13:33] /ifr_status/ | ERR: (appException) Controller ifr_status/indexAction does not exist.
[2017-05-03 21:43:33] /ifr_status/ | ERR: (appException) Controller ifr_status/indexAction does not exist.
[2017-05-03 22:13:33] /ifr_status/ | ERR: (appException) Controller ifr_status/indexAction does not exist.
[2017-05-11 16:30:47] /ifr_status/ | ERR: (appException) Controller ifr_status/indexAction does not exist.
[2017-05-11 17:00:47] /ifr_status/ | ERR: (appException) Controller ifr_status/indexAction does not exist.
[2017-05-11 17:30:48] /ifr_status/ | ERR: (appException) Controller ifr_status/indexAction does not exist.
[2017-05-11 18:00:48] /ifr_status/ | ERR: (appException) Controller ifr_status/indexAction does not exist.
[2017-05-11 18:30:48] /ifr_status/ | ERR: (appException) Controller ifr_status/indexAction does not exist.
[2017-05-11 19:30:48] /ifr_status/ | ERR: (appException) Controller ifr_status/indexAction does not exist.
[2017-05-11 20:00:50] /ifr_status/ | ERR: (appException) Controller ifr_status/indexAction does not exist.
[2017-05-11 20:29:02] /ifr_status/ | ERR: (appException) Controller ifr_status/indexAction does not exist.
[2017-05-11 20:29:02] /ifr_status/ | ERR: (appException) Controller ifr_status/indexAction does not exist.
[2017-05-16 18:14:25] /ifr_status/ | ERR: (appException) Controller ifr_status/indexAction does not exist.
[2017-05-16 18:44:25] /ifr_status/ | ERR: (appException) Controller ifr_status/indexAction does not exist.
[2017-05-16 19:14:26] /ifr_status/ | ERR: (appException) Controller ifr_status/indexAction does not exist.
[2017-05-16 19:44:26] /ifr_status/ | ERR: (appException) Controller ifr_status/indexAction does not exist.
[2017-05-16 20:14:26] /ifr_status/ | ERR: (appException) Controller ifr_status/indexAction does not exist.
[2017-05-16 20:25:16] /ifr_status/ | ERR: (appException) Controller ifr_status/indexAction does not exist.
[2017-05-16 20:25:16] /ifr_status/ | ERR: (appException) Controller ifr_status/indexAction does not exist.
[2017-05-18 13:44:29] /ifr_status/ | ERR: (appException) Controller ifr_status/indexAction does not exist.
[2017-05-18 13:44:48] /favicon.ico | ERR: (appException) Controller favicon.ico/indexAction does not exist.
[2017-05-18 13:44:48] /favicon.ico | ERR: (appException) Controller favicon.ico/indexAction does not exist.
[2017-05-18 14:14:29] /ifr_status/ | ERR: (appException) Controller ifr_status/indexAction does not exist.
[2017-05-18 14:44:30] /ifr_status/ | ERR: (appException) Controller ifr_status/indexAction does not exist.
[2017-05-18 15:14:30] /ifr_status/ | ERR: (appException) Controller ifr_status/indexAction does not exist.
[2017-05-18 15:44:30] /ifr_status/ | ERR: (appException) Controller ifr_status/indexAction does not exist.
[2017-05-18 16:14:30] /ifr_status/ | ERR: (appException) Controller ifr_status/indexAction does not exist.
