2016-04-06 10:41:10 DB_ERROR:SHOW COLUMNS FROM p2p_ucoin_rules (1146:Table 'wdsln.p2p_ucoin_rules' doesn't exist)
2016-04-06 10:41:10 DB_ERROR:SELECT *
FROM p2p_ucoin_rules (1146:Table 'wdsln.p2p_ucoin_rules' doesn't exist)
2016-04-06 10:41:19 DB_ERROR:SHOW COLUMNS FROM p2p_ucoin_rules (1146:Table 'wdsln.p2p_ucoin_rules' doesn't exist)
2016-04-06 10:41:19 DB_ERROR:SELECT *
FROM p2p_ucoin_rules (1146:Table 'wdsln.p2p_ucoin_rules' doesn't exist)
2016-04-06 10:41:30 DB_ERROR:SELECT `company_name`
FROM `p2p_user_info_extcompany`
WHERE user_id ='14' (1146:Table 'wdsln.p2p_user_info_extcompany' doesn't exist)
2016-04-06 10:42:19 DB_ERROR:SELECT `company_name`
FROM `p2p_user_info_extcompany`
WHERE user_id ='14' (1146:Table 'wdsln.p2p_user_info_extcompany' doesn't exist)
2016-04-06 10:42:35 DB_ERROR:SHOW COLUMNS FROM p2p_ucoin_rules (1146:Table 'wdsln.p2p_ucoin_rules' doesn't exist)
2016-04-06 10:42:35 DB_ERROR:SELECT *
FROM p2p_ucoin_rules (1146:Table 'wdsln.p2p_ucoin_rules' doesn't exist)
2016-04-06 10:43:29 DB_ERROR:SHOW COLUMNS FROM p2p_chanel (1146:Table 'wdsln.p2p_chanel' doesn't exist)
2016-04-06 10:43:30 DB_ERROR:SHOW COLUMNS FROM p2p_chanel (1146:Table 'wdsln.p2p_chanel' doesn't exist)
2016-04-06 10:43:30 DB_ERROR:SELECT COUNT(*) AS num FROM `p2p_chanel` `c` LEFT JOIN `p2p_chanel_user` `u` ON c.uid=u.uid WHERE  1 LIMIT 1 (1146:Table 'wdsln.p2p_chanel' doesn't exist)
2016-04-06 10:43:30 DB_ERROR:SHOW COLUMNS FROM p2p_chanel_user (1146:Table 'wdsln.p2p_chanel_user' doesn't exist)
2016-04-06 10:43:30 DB_ERROR:SHOW COLUMNS FROM p2p_chanel_user (1146:Table 'wdsln.p2p_chanel_user' doesn't exist)
2016-04-06 10:43:30 DB_ERROR:SELECT COUNT(*) AS num FROM p2p_chanel_user WHERE 1 LIMIT 1 (1146:Table 'wdsln.p2p_chanel_user' doesn't exist)
2016-04-06 10:43:32 DB_ERROR:SHOW COLUMNS FROM p2p_chanel (1146:Table 'wdsln.p2p_chanel' doesn't exist)
2016-04-06 10:43:32 DB_ERROR:SHOW COLUMNS FROM p2p_chanel (1146:Table 'wdsln.p2p_chanel' doesn't exist)
2016-04-06 10:43:32 DB_ERROR:SELECT COUNT(*) AS num FROM `p2p_chanel` `c` LEFT JOIN `p2p_chanel_user` `u` ON c.uid=u.uid WHERE  1 LIMIT 1 (1146:Table 'wdsln.p2p_chanel' doesn't exist)
2016-04-06 10:43:34 DB_ERROR:SHOW COLUMNS FROM p2p_chanel_site (1146:Table 'wdsln.p2p_chanel_site' doesn't exist)
2016-04-06 10:43:34 DB_ERROR:SHOW COLUMNS FROM p2p_chanel_site (1146:Table 'wdsln.p2p_chanel_site' doesn't exist)
2016-04-06 10:43:34 DB_ERROR:SELECT COUNT(*) AS num FROM `p2p_chanel_site` `c` JOIN `p2p_chanel_user` `u` ON c.uid=u.uid WHERE 1 LIMIT 1 (1146:Table 'wdsln.p2p_chanel_site' doesn't exist)
2016-04-06 10:43:35 DB_ERROR:SHOW COLUMNS FROM p2p_chanel_task (1146:Table 'wdsln.p2p_chanel_task' doesn't exist)
2016-04-06 10:43:36 DB_ERROR:SHOW COLUMNS FROM p2p_chanel_task (1146:Table 'wdsln.p2p_chanel_task' doesn't exist)
2016-04-06 10:43:36 DB_ERROR:SELECT COUNT(*) AS num FROM p2p_chanel_task WHERE 1 LIMIT 1 (1146:Table 'wdsln.p2p_chanel_task' doesn't exist)
2016-04-06 10:44:25 DB_ERROR:SHOW COLUMNS FROM p2p_chanel (1146:Table 'wdsln.p2p_chanel' doesn't exist)
2016-04-06 10:44:25 DB_ERROR:SHOW COLUMNS FROM p2p_chanel (1146:Table 'wdsln.p2p_chanel' doesn't exist)
2016-04-06 10:44:25 DB_ERROR:SELECT COUNT(*) AS num FROM `p2p_chanel` `c` LEFT JOIN `p2p_chanel_user` `u` ON c.uid=u.uid WHERE  1 LIMIT 1 (1146:Table 'wdsln.p2p_chanel' doesn't exist)
2016-04-06 10:45:00 DB_ERROR:SHOW COLUMNS FROM p2p_chanel (1146:Table 'wdsln.p2p_chanel' doesn't exist)
2016-04-06 10:45:00 DB_ERROR:SHOW COLUMNS FROM p2p_chanel (1146:Table 'wdsln.p2p_chanel' doesn't exist)
2016-04-06 10:45:00 DB_ERROR:SELECT COUNT(*) AS num FROM `p2p_chanel` `c` LEFT JOIN `p2p_chanel_user` `u` ON c.uid=u.uid WHERE  1 LIMIT 1 (1146:Table 'wdsln.p2p_chanel' doesn't exist)
2016-04-06 10:45:29 DB_ERROR:SHOW COLUMNS FROM p2p_ucoin_rules (1146:Table 'wdsln.p2p_ucoin_rules' doesn't exist)
2016-04-06 10:45:29 DB_ERROR:SELECT *
FROM p2p_ucoin_rules (1146:Table 'wdsln.p2p_ucoin_rules' doesn't exist)
2016-04-06 10:46:39 DB_ERROR:SHOW COLUMNS FROM p2p_chanel (1146:Table 'wdsln.p2p_chanel' doesn't exist)
2016-04-06 10:46:39 DB_ERROR:SHOW COLUMNS FROM p2p_chanel (1146:Table 'wdsln.p2p_chanel' doesn't exist)
2016-04-06 10:46:39 DB_ERROR:SELECT COUNT(*) AS num FROM `p2p_chanel` `c` LEFT JOIN `p2p_chanel_user` `u` ON c.uid=u.uid WHERE  1 LIMIT 1 (1146:Table 'wdsln.p2p_chanel' doesn't exist)
2016-04-06 10:46:44 DB_ERROR:SHOW COLUMNS FROM p2p_info (1146:Table 'wdsln.p2p_info' doesn't exist)
2016-04-06 10:46:44 DB_ERROR:SHOW COLUMNS FROM p2p_info (1146:Table 'wdsln.p2p_info' doesn't exist)
2016-04-06 10:46:44 DB_ERROR:SELECT COUNT(*) AS num FROM p2p_info WHERE  1  and cate_id IN (24) LIMIT 1 (1146:Table 'wdsln.p2p_info' doesn't exist)
2016-04-06 10:46:48 DB_ERROR:SHOW COLUMNS FROM p2p_ucoin_rules (1146:Table 'wdsln.p2p_ucoin_rules' doesn't exist)
2016-04-06 10:46:48 DB_ERROR:SELECT *
FROM p2p_ucoin_rules (1146:Table 'wdsln.p2p_ucoin_rules' doesn't exist)
2016-04-06 11:00:41 DB_ERROR:SELECT `id`
FROM p2p_adm_node
WHERE pid in (,213) LIMIT 1 (1064:You have an error in your SQL syntax; check the manual that corresponds to your MySQL server version for the right syntax to use near '213) LIMIT 1' at line 3)
2016-04-06 11:00:41 DB_ERROR:DELETE FROM `p2p_adm_node` WHERE id in (,213) (1064:You have an error in your SQL syntax; check the manual that corresponds to your MySQL server version for the right syntax to use near '213)' at line 1)
2016-04-06 11:00:55 DB_ERROR:SELECT `id`
FROM p2p_adm_node
WHERE pid in (,212) LIMIT 1 (1064:You have an error in your SQL syntax; check the manual that corresponds to your MySQL server version for the right syntax to use near '212) LIMIT 1' at line 3)
2016-04-06 11:00:55 DB_ERROR:DELETE FROM `p2p_adm_node` WHERE id in (,212) (1064:You have an error in your SQL syntax; check the manual that corresponds to your MySQL server version for the right syntax to use near '212)' at line 1)
2016-04-06 11:01:44 DB_ERROR:SHOW COLUMNS FROM p2p_chanel (1146:Table 'wdsln.p2p_chanel' doesn't exist)
2016-04-06 11:01:45 DB_ERROR:SHOW COLUMNS FROM p2p_chanel (1146:Table 'wdsln.p2p_chanel' doesn't exist)
2016-04-06 11:01:45 DB_ERROR:SELECT COUNT(*) AS num FROM `p2p_chanel` `c` LEFT JOIN `p2p_chanel_user` `u` ON c.uid=u.uid WHERE  1 LIMIT 1 (1146:Table 'wdsln.p2p_chanel' doesn't exist)
2016-04-06 11:02:01 DB_ERROR:SHOW COLUMNS FROM p2p_ucoin_rules (1146:Table 'wdsln.p2p_ucoin_rules' doesn't exist)
2016-04-06 11:02:01 DB_ERROR:SELECT *
FROM p2p_ucoin_rules (1146:Table 'wdsln.p2p_ucoin_rules' doesn't exist)
2016-04-06 11:14:53 DB_ERROR:SHOW COLUMNS FROM p2p_ucoin_rules (1146:Table 'wdsln.p2p_ucoin_rules' doesn't exist)
2016-04-06 11:14:53 DB_ERROR:SELECT *
FROM p2p_ucoin_rules (1146:Table 'wdsln.p2p_ucoin_rules' doesn't exist)
