[2016-03-30 11:56:42] /report/user/init | ERR: (appException) Controller report/userAction does not exist.
[2016-03-30 11:56:44] /account/iaccount/init | ERR: (appException) Controller account/iaccountAction does not exist.
[2016-03-30 11:57:30] /item/items/invest | ERR: (appException) Controller item/itemsAction does not exist.
[2016-03-30 11:57:31] /loan/apply | ERR: (appException) Controller loan/applyAction does not exist.
[2016-03-30 11:57:33] /item/transfer/invest | ERR: (appException) Controller item/transferAction does not exist.
[2016-03-30 11:59:48] /item/transfer/invest | ERR: (appException) Controller item/transferAction does not exist.
[2016-04-06 10:41:16] /report/user/init | ERR: (appException) Controller report/userAction does not exist.
[2016-04-06 10:41:30] /user/account/init | ERR: (appException) Controller user/accountAction does not exist.
[2016-04-06 10:41:35] /user/bank/init | ERR: (appException) Controller user/bankAction does not exist.
[2016-04-06 10:41:37] /user/comments/init | ERR: (appException) Controller user/commentsAction does not exist.
[2016-04-06 10:41:37] /user/feedback/init | ERR: (appException) Controller user/feedbackAction does not exist.
[2016-04-06 10:41:40] /user/bank/init | ERR: (appException) Controller user/bankAction does not exist.
[2016-04-06 10:41:42] /user/comments/init | ERR: (appException) Controller user/commentsAction does not exist.
[2016-04-06 10:41:42] /user/feedback/init | ERR: (appException) Controller user/feedbackAction does not exist.
[2016-04-06 10:41:53] /user/account/init | ERR: (appException) Controller user/accountAction does not exist.
[2016-04-06 10:42:12] /user/account/init | ERR: (appException) Controller user/accountAction does not exist.
[2016-04-06 10:42:25] /item/items/invest | ERR: (appException) Controller item/itemsAction does not exist.
[2016-04-06 10:42:28] /loan/apply | ERR: (appException) Controller loan/applyAction does not exist.
[2016-04-06 10:42:30] /item/transfer/invest | ERR: (appException) Controller item/transferAction does not exist.
[2016-04-06 10:43:24] /account/coins/init | ERR: (appException) Controller account/coinsAction does not exist.
[2016-04-06 10:43:25] /account/commission/init | ERR: (appException) Controller account/commissionAction does not exist.
[2016-04-06 10:43:26] /operation/investexp/send_list | ERR: (appException) Controller operation/investexpAction does not exist.
[2016-04-06 10:43:27] /operation/investexp/apply_list | ERR: (appException) Controller operation/investexpAction does not exist.
[2016-04-06 10:43:28] /operation/autoinvest/user_list | ERR: (appException) Controller operation/autoinvestAction does not exist.
[2016-04-06 10:43:37] /operation/push | ERR: (appException) Controller operation/pushAction does not exist.
[2016-04-06 10:43:38] /operation/push/jpush | ERR: (appException) Controller operation/pushAction does not exist.
[2016-04-06 10:43:39] /operation/ratecoupon | ERR: (appException) Controller operation/ratecouponAction does not exist.
[2016-04-06 10:43:41] /operation/contract/init | ERR: (appException) Controller operation/contractAction does not exist.
[2016-04-06 10:44:27] /account/banktransfer/init | ERR: (appException) Controller account/banktransferAction does not exist.
[2016-04-06 10:44:28] /account/trade/init | ERR: (appException) Controller account/tradeAction does not exist.
[2016-04-06 10:44:29] /account/mpay/init | ERR: (appException) Controller account/mpayAction does not exist.
[2016-04-06 10:44:29] /account/draw/init | ERR: (appException) Controller account/drawAction does not exist.
[2016-04-06 10:44:31] /item/uapply/init | ERR: (appException) Controller item/uapplyAction does not exist.
[2016-04-06 10:44:31] /item/udeal/init | ERR: (appException) Controller item/udealAction does not exist.
[2016-04-06 10:44:31] /item/refund/init | ERR: (appException) Controller item/refundAction does not exist.
[2016-04-06 10:45:00] /account/iaccount/init | ERR: (appException) Controller account/iaccountAction does not exist.
[2016-04-06 10:45:02] /report/user/init | ERR: (appException) Controller report/userAction does not exist.
[2016-04-06 10:45:03] /report/user/visiteSurvey | ERR: (appException) Controller report/userAction does not exist.
[2016-04-06 10:45:04] /report/user/userInvest | ERR: (appException) Controller report/userAction does not exist.
[2016-04-06 10:45:04] /report/user/userTimeInvest | ERR: (appException) Controller report/userAction does not exist.
[2016-04-06 10:45:05] /report/appStatChannel/init | ERR: (appException) Controller report/appStatChannelAction does not exist.
[2016-04-06 10:45:05] /report/appStatChannel/init | ERR: (appException) Controller report/appStatChannelAction does not exist.
[2016-04-06 10:45:06] /report/appStatDay/init | ERR: (appException) Controller report/appStatDayAction does not exist.
[2016-04-06 10:45:07] /report/itemReport/init | ERR: (appException) Controller report/itemReportAction does not exist.
[2016-04-06 10:45:07] /report/index/init | ERR: (appException) Controller report/indexAction does not exist.
[2016-04-06 10:45:08] /report/index/chanel | ERR: (appException) Controller report/indexAction does not exist.
[2016-04-06 10:45:08] /operation/bill | ERR: (appException) Controller operation/billAction does not exist.
[2016-04-06 10:45:09] /operation/bill | ERR: (appException) Controller operation/billAction does not exist.
[2016-04-06 10:45:10] /operation/urge | ERR: (appException) Controller operation/urgeAction does not exist.
[2016-04-06 10:45:11] /report/appStatDay | ERR: (appException) Controller report/appStatDayAction does not exist.
[2016-04-06 10:45:11] /report/appStatChannel | ERR: (appException) Controller report/appStatChannelAction does not exist.
[2016-04-06 10:45:13] /report/logsms/init | ERR: (appException) Controller report/logsmsAction does not exist.
[2016-04-06 10:45:13] /report/logAdmin/init | ERR: (appException) Controller report/logAdminAction does not exist.
[2016-04-06 10:45:14] /report/logMail/init | ERR: (appException) Controller report/logMailAction does not exist.
[2016-04-06 10:45:15] /report/adminLog/init | ERR: (appException) Controller report/adminLogAction does not exist.
[2016-04-06 10:45:15] /report/adminLog/logErr | ERR: (appException) Controller report/adminLogAction does not exist.
[2016-04-06 10:45:16] /report/logsms/history | ERR: (appException) Controller report/logsmsAction does not exist.
[2016-04-06 10:45:17] /report/applyLog/init | ERR: (appException) Controller report/applyLogAction does not exist.
[2016-04-06 10:45:21] /report/logsms/init | ERR: (appException) Controller report/logsmsAction does not exist.
[2016-04-06 10:45:23] /user/comments/init | ERR: (appException) Controller user/commentsAction does not exist.
[2016-04-06 10:45:24] /report/userLog/init | ERR: (appException) Controller report/userLogAction does not exist.
[2016-04-06 10:45:24] /report/logChanel/init | ERR: (appException) Controller report/logChanelAction does not exist.
[2016-04-06 10:45:25] /report/logUser/init | ERR: (appException) Controller report/logUserAction does not exist.
[2016-04-06 10:45:26] /report/userLogErr/init | ERR: (appException) Controller report/userLogErrAction does not exist.
[2016-04-06 10:46:12] /account/iaccount/init | ERR: (appException) Controller account/iaccountAction does not exist.
[2016-04-06 11:14:39] /favicon.ico | ERR: (appException) Controller favicon.ico/indexAction does not exist.
[2016-04-06 11:14:39] /favicon.ico | ERR: (appException) Controller favicon.ico/indexAction does not exist.
